Using pre-set license
Built from '2020.2/release' branch; Version is '2020.2.1f1 (270dd8c3da1c) revision 2559448'; Using compiler version '192528614'; Build Type 'Release'
OS: 'Windows 10  (10.0.0) 64bit' Language: 'en' Physical Memory: 16200 MB
BatchMode: 1, IsHumanControllingUs: 0, StartBugReporterOnCrash: 0, Is64bit: 1, IsPro: 0

 COMMAND LINE ARGUMENTS:
C:\Program Files\Unity\Hub\Editor\2020.2.1f1\Editor\Unity.exe
-adb2
-batchMode
-noUpm
-name
AssetImportWorker0
-projectPath
C:/Users/Samir Kazah/Documents/UnityProjects/Graphics-Lab-3D-2020
-logFile
Logs/AssetImportWorker0.log
-srvPort
9199
Successfully changed project path to: C:/Users/Samir Kazah/Documents/UnityProjects/Graphics-Lab-3D-2020
C:/Users/Samir Kazah/Documents/UnityProjects/Graphics-Lab-3D-2020
Using Asset Import Pipeline V2.
Refreshing native plugins compatible for Editor in 47.40 ms, found 0 plugins.
Preloading 0 native plugins for Editor in 0.00 ms.
Initialize engine version: 2020.2.1f1 (270dd8c3da1c)
[Subsystems] Discovering subsystems at path C:/Program Files/Unity/Hub/Editor/2020.2.1f1/Editor/Data/Resources/UnitySubsystems
[Subsystems] Discovering subsystems at path C:/Users/Samir Kazah/Documents/UnityProjects/Graphics-Lab-3D-2020/Assets
GfxDevice: creating device client; threaded=0
Direct3D:
    Version:  Direct3D 11.0 [level 11.0]
    Renderer: NVIDIA Quadro M1000M (ID=0x13b1)
    Vendor:   
    VRAM:     4065 MB
    Driver:   22.21.13.8205
Shader 'Universal Render Pipeline/Particles/Lit': fallback shader 'Universal Render Pipeline/Particles/SimpleLit' not found
Initialize mono
Mono path[0] = 'C:/Program Files/Unity/Hub/Editor/2020.2.1f1/Editor/Data/Managed'
Mono path[1] = 'C:/Program Files/Unity/Hub/Editor/2020.2.1f1/Editor/Data/MonoBleedingEdge/lib/mono/unityjit'
Mono config path = 'C:/Program Files/Unity/Hub/Editor/2020.2.1f1/Editor/Data/MonoBleedingEdge/etc'
Using monoOptions --debugger-agent=transport=dt_socket,embedding=1,server=y,suspend=n,address=127.0.0.1:56304
Begin MonoManager ReloadAssembly
Registering precompiled unity dll's ...
Register platform support module: C:/Program Files/Unity/Hub/Editor/2020.2.1f1/Editor/Data/PlaybackEngines/WindowsStandaloneSupport/UnityEditor.WindowsStandalone.Extensions.dll
Registered in 0.002929 seconds.
Native extension for WindowsStandalone target not found
Refreshing native plugins compatible for Editor in 45.74 ms, found 0 plugins.
Preloading 0 native plugins for Editor in 0.00 ms.
Invoked RoslynAnalysisRunner static constructor.
RoslynAnalysisRunner will not be running.
RoslynAnalysisRunner has terminated.
Mono: successfully reloaded assembly
- Completed reload, in  1.300 seconds
Platform modules already initialized, skipping
Registering precompiled user dll's ...
Registered in 0.001653 seconds.
Begin MonoManager ReloadAssembly
Native extension for WindowsStandalone target not found
Refreshing native plugins compatible for Editor in 76.05 ms, found 0 plugins.
Preloading 0 native plugins for Editor in 0.00 ms.
Invoked RoslynAnalysisRunner static constructor.
RoslynAnalysisRunner will not be running.
RoslynAnalysisRunner has terminated.
Mono: successfully reloaded assembly
- Completed reload, in  1.564 seconds
Platform modules already initialized, skipping
========================================================================
Worker process is ready to serve import requests
Shader 'Universal Render Pipeline/Particles/Lit': fallback shader 'Universal Render Pipeline/Particles/SimpleLit' not found
Launched and connected shader compiler UnityShaderCompiler.exe after 0.07 seconds
Refreshing native plugins compatible for Editor in 1.17 ms, found 0 plugins.
Preloading 0 native plugins for Editor in 0.00 ms.
Unloading 2403 Unused Serialized files (Serialized files now loaded: 0)
System memory in use before: 114.8 MB.
System memory in use after: 115.0 MB.

Unloading 10 unused Assets to reduce memory usage. Loaded Objects now: 2851.
Total: 4.087400 ms (FindLiveObjects: 0.557200 ms CreateObjectMapping: 0.213700 ms MarkObjects: 3.249600 ms  DeleteObjects: 0.065000 ms)

========================================================================
Received Import Request.
  path: Assets/Scenes/SampleScene.unity
  artifactKey: Guid(9fc0d4010bbf28b4594072e72b8655ab) Importer(815301076,1909f56bfc062723c751e8b465ee728b)
Start importing Assets/Scenes/SampleScene.unity using Guid(9fc0d4010bbf28b4594072e72b8655ab) Importer(815301076,1909f56bfc062723c751e8b465ee728b)  -> (artifact id: '468107ad4cb6f5857cf059d102722eed') in 0.038060 seconds
  Import took 0.047733 seconds .

========================================================================
Received Prepare
Registering precompiled user dll's ...
Registered in 0.001651 seconds.
Begin MonoManager ReloadAssembly
Native extension for WindowsStandalone target not found
Refreshing native plugins compatible for Editor in 0.47 ms, found 0 plugins.
Preloading 0 native plugins for Editor in 0.00 ms.
Invoked RoslynAnalysisRunner static constructor.
RoslynAnalysisRunner will not be running.
RoslynAnalysisRunner has terminated.
Mono: successfully reloaded assembly
- Completed reload, in  0.955 seconds
Platform modules already initialized, skipping
Shader 'Universal Render Pipeline/Particles/Lit': fallback shader 'Universal Render Pipeline/Particles/SimpleLit' not found
Refreshing native plugins compatible for Editor in 0.57 ms, found 0 plugins.
Preloading 0 native plugins for Editor in 0.00 ms.
Unloading 2290 Unused Serialized files (Serialized files now loaded: 0)
System memory in use before: 108.9 MB.
System memory in use after: 109.1 MB.

Unloading 5 unused Assets to reduce memory usage. Loaded Objects now: 2853.
Total: 2.861100 ms (FindLiveObjects: 0.485700 ms CreateObjectMapping: 0.230200 ms MarkObjects: 2.092100 ms  DeleteObjects: 0.051000 ms)

========================================================================
Received Import Request.
  Time since last request: 74.150775 seconds.
  path: Assets/Prefabs
  artifactKey: Guid(a3b687b6d5821cc469f5d4d7beaa30c3) Importer(815301076,1909f56bfc062723c751e8b465ee728b)
Start importing Assets/Prefabs using Guid(a3b687b6d5821cc469f5d4d7beaa30c3) Importer(815301076,1909f56bfc062723c751e8b465ee728b)  -> (artifact id: '15571809aec33122e64351b1e9776f01') in 0.010333 seconds
  Import took 0.014202 seconds .

========================================================================
Received Import Request.
  Time since last request: 9.325684 seconds.
  path: Assets/Prefabs/ModelPrefabs
  artifactKey: Guid(57f25d3790f010246aae2a09b006c823) Importer(815301076,1909f56bfc062723c751e8b465ee728b)
Start importing Assets/Prefabs/ModelPrefabs using Guid(57f25d3790f010246aae2a09b006c823) Importer(815301076,1909f56bfc062723c751e8b465ee728b)  -> (artifact id: '56a7fd3f15b38e69755afdcead6d2b70') in 0.014054 seconds
  Import took 0.020482 seconds .

========================================================================
Received Import Request.
  Time since last request: 13.789709 seconds.
  path: Assets/Animations/New Folder
  artifactKey: Guid(b4ebe0644a3c0194d9e0cef95f792d66) Importer(815301076,1909f56bfc062723c751e8b465ee728b)
Start importing Assets/Animations/New Folder using Guid(b4ebe0644a3c0194d9e0cef95f792d66) Importer(815301076,1909f56bfc062723c751e8b465ee728b)  -> (artifact id: 'e92faa2f4e89a36d57fe75d56be1684d') in 0.012893 seconds
  Import took 0.018944 seconds .

========================================================================
Received Import Request.
  Time since last request: 5.697724 seconds.
  path: Assets/Animations/SilverPaw
  artifactKey: Guid(b4ebe0644a3c0194d9e0cef95f792d66) Importer(815301076,1909f56bfc062723c751e8b465ee728b)
Start importing Assets/Animations/SilverPaw using Guid(b4ebe0644a3c0194d9e0cef95f792d66) Importer(815301076,1909f56bfc062723c751e8b465ee728b)  -> (artifact id: 'c30afec5274bac7353fb1e706cd22eb3') in 0.014033 seconds
  Import took 0.020400 seconds .

========================================================================
Received Import Request.
  Time since last request: 13.578450 seconds.
  path: Assets/Silverpaw/Character/Materials/Silverpaw_Tex.png
  artifactKey: Guid(3dc7fb0bf17908f469896fb1f800f76e) Importer(815301076,1909f56bfc062723c751e8b465ee728b)
Start importing Assets/Silverpaw/Character/Materials/Silverpaw_Tex.png using Guid(3dc7fb0bf17908f469896fb1f800f76e) Importer(815301076,1909f56bfc062723c751e8b465ee728b)  -> (artifact id: '76779f3b8fe694a569fd04b0b6bbd980') in 0.121799 seconds
  Import took 0.126350 seconds .

========================================================================
Received Prepare
Registering precompiled user dll's ...
Registered in 0.002108 seconds.
Begin MonoManager ReloadAssembly
Native extension for WindowsStandalone target not found
Refreshing native plugins compatible for Editor in 0.88 ms, found 0 plugins.
Preloading 0 native plugins for Editor in 0.00 ms.
Invoked RoslynAnalysisRunner static constructor.
RoslynAnalysisRunner will not be running.
RoslynAnalysisRunner has terminated.
Mono: successfully reloaded assembly
- Completed reload, in  0.952 seconds
Platform modules already initialized, skipping
Shader 'Universal Render Pipeline/Particles/Lit': fallback shader 'Universal Render Pipeline/Particles/SimpleLit' not found
Refreshing native plugins compatible for Editor in 0.48 ms, found 0 plugins.
Preloading 0 native plugins for Editor in 0.00 ms.
Unloading 2288 Unused Serialized files (Serialized files now loaded: 0)
System memory in use before: 109.9 MB.
System memory in use after: 110.1 MB.

Unloading 5 unused Assets to reduce memory usage. Loaded Objects now: 2857.
Total: 2.240700 ms (FindLiveObjects: 0.285100 ms CreateObjectMapping: 0.122400 ms MarkObjects: 1.815300 ms  DeleteObjects: 0.016900 ms)

========================================================================
Received Import Request.
  Time since last request: 14.232748 seconds.
  path: Assets/Scenes/Archer.unity
  artifactKey: Guid(1dd3692d48007e448af73b71bcdcc4cd) Importer(815301076,1909f56bfc062723c751e8b465ee728b)
Start importing Assets/Scenes/Archer.unity using Guid(1dd3692d48007e448af73b71bcdcc4cd) Importer(815301076,1909f56bfc062723c751e8b465ee728b)  -> (artifact id: 'a47d2b4de714c6a6583d88779ab83c8f') in 0.030085 seconds
  Import took 0.036385 seconds .

========================================================================
Received Import Request.
  Time since last request: 10.856309 seconds.
  path: Assets/Scenes/New Scene.unity
  artifactKey: Guid(0a1c46813f65897469361c5b7d8b44c5) Importer(815301076,1909f56bfc062723c751e8b465ee728b)
Start importing Assets/Scenes/New Scene.unity using Guid(0a1c46813f65897469361c5b7d8b44c5) Importer(815301076,1909f56bfc062723c751e8b465ee728b)  -> (artifact id: '074f62e416b03a05a946637953db3520') in 0.017452 seconds
  Import took 0.024023 seconds .

AssetImportWorkerClient::OnTransportError - code=2 error=End of file
